# JRE version: Java(TM) SE Runtime Environment (8.0_161-b12) (build 1.8.0_161-b12)
# Java VM: Java HotSpot(TM) 64-Bit Server VM (25.161-b12 mixed mode windows-amd64 compressed oops)
Heap:
 PSYoungGen      total 73216K, used 32270K [0x00000000d5580000, 0x00000000daa00000, 0x0000000100000000)
  eden space 62464K, 43% used [0x00000000d5580000,0x00000000d6fd8b50,0x00000000d9280000)
  from space 10752K, 49% used [0x00000000d9d00000,0x00000000da22b040,0x00000000da780000)
  to   space 10752K, 0% used [0x00000000d9280000,0x00000000d9280000,0x00000000d9d00000)
 ParOldGen       total 67072K, used 9007K [0x0000000080000000, 0x0000000084180000, 0x00000000d5580000)
  object space 67072K, 13% used [0x0000000080000000,0x00000000808cbe68,0x0000000084180000)
 Metaspace       used 32401K, capacity 33124K, committed 33408K, reserved 1077248K
  class space    used 4405K, capacity 4649K, committed 4736K, reserved 1048576K
GC Heap History (10 events):
Event: 5.575 GC heap before
{Heap before GC invocations=5 (full 1):
 PSYoungGen      total 38400K, used 5120K [0x00000000d5580000, 0x00000000da080000, 0x0000000100000000)
  eden space 33280K, 0% used [0x00000000d5580000,0x00000000d5580000,0x00000000d7600000)
  from space 5120K, 100% used [0x00000000d7b00000,0x00000000d8000000,0x00000000d8000000)
  to   space 5120K, 0% used [0x00000000d7600000,0x00000000d7600000,0x00000000d7b00000)
 ParOldGen       total 87552K, used 8342K [0x0000000080000000, 0x0000000085580000, 0x00000000d5580000)
  object space 87552K, 9% used [0x0000000080000000,0x0000000080825980,0x0000000085580000)
 Metaspace       used 20850K, capacity 21168K, committed 21296K, reserved 1067008K
  class space    used 2815K, capacity 2895K, committed 2944K, reserved 1048576K
Event: 5.653 GC heap after
Heap after GC invocations=5 (full 1):
 PSYoungGen      total 38400K, used 0K [0x00000000d5580000, 0x00000000da080000, 0x0000000100000000)
  eden space 33280K, 0% used [0x00000000d5580000,0x00000000d5580000,0x00000000d7600000)
  from space 5120K, 0% used [0x00000000d7b00000,0x00000000d7b00000,0x00000000d8000000)
  to   space 5120K, 0% used [0x00000000d7600000,0x00000000d7600000,0x00000000d7b00000)
 ParOldGen       total 67072K, used 8975K [0x0000000080000000, 0x0000000084180000, 0x00000000d5580000)
  object space 67072K, 13% used [0x0000000080000000,0x00000000808c3e68,0x0000000084180000)
 Metaspace       used 20850K, capacity 21168K, committed 21296K, reserved 1067008K
  class space    used 2815K, capacity 2895K, committed 2944K, reserved 1048576K
}
Event: 7.159 GC heap before
{Heap before GC invocations=6 (full 1):
 PSYoungGen      total 38400K, used 33280K [0x00000000d5580000, 0x00000000da080000, 0x0000000100000000)
  eden space 33280K, 100% used [0x00000000d5580000,0x00000000d7600000,0x00000000d7600000)
  from space 5120K, 0% used [0x00000000d7b00000,0x00000000d7b00000,0x00000000d8000000)
  to   space 5120K, 0% used [0x00000000d7600000,0x00000000d7600000,0x00000000d7b00000)
 ParOldGen       total 67072K, used 8975K [0x0000000080000000, 0x0000000084180000, 0x00000000d5580000)
  object space 67072K, 13% used [0x0000000080000000,0x00000000808c3e68,0x0000000084180000)
 Metaspace       used 24661K, capacity 24956K, committed 25088K, reserved 1071104K
  class space    used 3416K, capacity 3537K, committed 3584K, reserved 1048576K
Event: 7.164 GC heap after
Heap after GC invocations=6 (full 1):
 PSYoungGen      total 38400K, used 4692K [0x00000000d5580000, 0x00000000d9780000, 0x0000000100000000)
  eden space 33280K, 0% used [0x00000000d5580000,0x00000000d5580000,0x00000000d7600000)
  from space 5120K, 91% used [0x00000000d7600000,0x00000000d7a951d0,0x00000000d7b00000)
  to   space 10752K, 0% used [0x00000000d8d00000,0x00000000d8d00000,0x00000000d9780000)
 ParOldGen       total 67072K, used 8983K [0x0000000080000000, 0x0000000084180000, 0x00000000d5580000)
  object space 67072K, 13% used [0x0000000080000000,0x00000000808c5e68,0x0000000084180000)
 Metaspace       used 24661K, capacity 24956K, committed 25088K, reserved 1071104K
  class space    used 3416K, capacity 3537K, committed 3584K, reserved 1048576K
}
Event: 8.624 GC heap before
{Heap before GC invocations=7 (full 1):
 PSYoungGen      total 38400K, used 37972K [0x00000000d5580000, 0x00000000d9780000, 0x0000000100000000)
  eden space 33280K, 100% used [0x00000000d5580000,0x00000000d7600000,0x00000000d7600000)
  from space 5120K, 91% used [0x00000000d7600000,0x00000000d7a951d0,0x00000000d7b00000)
  to   space 10752K, 0% used [0x00000000d8d00000,0x00000000d8d00000,0x00000000d9780000)
 ParOldGen       total 67072K, used 8983K [0x0000000080000000, 0x0000000084180000, 0x00000000d5580000)
  object space 67072K, 13% used [0x0000000080000000,0x00000000808c5e68,0x0000000084180000)
 Metaspace       used 27783K, capacity 28266K, committed 28544K, reserved 1073152K
  class space    used 3742K, capacity 3912K, committed 3968K, reserved 1048576K
Event: 8.638 GC heap after
Heap after GC invocations=7 (full 1):
 PSYoungGen      total 56832K, used 5424K [0x00000000d5580000, 0x00000000d9800000, 0x0000000100000000)
  eden space 46080K, 0% used [0x00000000d5580000,0x00000000d5580000,0x00000000d8280000)
  from space 10752K, 50% used [0x00000000d8d00000,0x00000000d924c180,0x00000000d9780000)
  to   space 10752K, 0% used [0x00000000d8280000,0x00000000d8280000,0x00000000d8d00000)
 ParOldGen       total 67072K, used 8991K [0x0000000080000000, 0x0000000084180000, 0x00000000d5580000)
  object space 67072K, 13% used [0x0000000080000000,0x00000000808c7e68,0x0000000084180000)
 Metaspace       used 27783K, capacity 28266K, committed 28544K, reserved 1073152K
  class space    used 3742K, capacity 3912K, committed 3968K, reserved 1048576K
}
Event: 13.793 GC heap before
{Heap before GC invocations=8 (full 1):
 PSYoungGen      total 56832K, used 51504K [0x00000000d5580000, 0x00000000d9800000, 0x0000000100000000)
  eden space 46080K, 100% used [0x00000000d5580000,0x00000000d8280000,0x00000000d8280000)
  from space 10752K, 50% used [0x00000000d8d00000,0x00000000d924c180,0x00000000d9780000)
  to   space 10752K, 0% used [0x00000000d8280000,0x00000000d8280000,0x00000000d8d00000)
 ParOldGen       total 67072K, used 8991K [0x0000000080000000, 0x0000000084180000, 0x00000000d5580000)
  object space 67072K, 13% used [0x0000000080000000,0x00000000808c7e68,0x0000000084180000)
 Metaspace       used 30560K, capacity 31132K, committed 31360K, reserved 1077248K
  class space    used 4191K, capacity 4401K, committed 4480K, reserved 1048576K
Event: 13.812 GC heap after
Heap after GC invocations=8 (full 1):
 PSYoungGen      total 56832K, used 7852K [0x00000000d5580000, 0x00000000da780000, 0x0000000100000000)
  eden space 46080K, 0% used [0x00000000d5580000,0x00000000d5580000,0x00000000d8280000)
  from space 10752K, 73% used [0x00000000d8280000,0x00000000d8a2b1b8,0x00000000d8d00000)
  to   space 10752K, 0% used [0x00000000d9d00000,0x00000000d9d00000,0x00000000da780000)
 ParOldGen       total 67072K, used 8999K [0x0000000080000000, 0x0000000084180000, 0x00000000d5580000)
  object space 67072K, 13% used [0x0000000080000000,0x00000000808c9e68,0x0000000084180000)
 Metaspace       used 30560K, capacity 31132K, committed 31360K, reserved 1077248K
  class space    used 4191K, capacity 4401K, committed 4480K, reserved 1048576K
}
Event: 14.286 GC heap before
{Heap before GC invocations=9 (full 1):
 PSYoungGen      total 56832K, used 53932K [0x00000000d5580000, 0x00000000da780000, 0x0000000100000000)
  eden space 46080K, 100% used [0x00000000d5580000,0x00000000d8280000,0x00000000d8280000)
  from space 10752K, 73% used [0x00000000d8280000,0x00000000d8a2b1b8,0x00000000d8d00000)
  to   space 10752K, 0% used [0x00000000d9d00000,0x00000000d9d00000,0x00000000da780000)
 ParOldGen       total 67072K, used 8999K [0x0000000080000000, 0x0000000084180000, 0x00000000d5580000)
  object space 67072K, 13% used [0x0000000080000000,0x00000000808c9e68,0x0000000084180000)
 Metaspace       used 30687K, capacity 31260K, committed 31360K, reserved 1077248K
  class space    used 4191K, capacity 4401K, committed 4480K, reserved 1048576K
Event: 14.294 GC heap after
Heap after GC invocations=9 (full 1):
 PSYoungGen      total 73216K, used 5292K [0x00000000d5580000, 0x00000000daa00000, 0x0000000100000000)
  eden space 62464K, 0% used [0x00000000d5580000,0x00000000d5580000,0x00000000d9280000)
  from space 10752K, 49% used [0x00000000d9d00000,0x00000000da22b040,0x00000000da780000)
  to   space 10752K, 0% used [0x00000000d9280000,0x00000000d9280000,0x00000000d9d00000)
 ParOldGen       total 67072K, used 9007K [0x0000000080000000, 0x0000000084180000, 0x00000000d5580000)
  object space 67072K, 13% used [0x0000000080000000,0x00000000808cbe68,0x0000000084180000)
 Metaspace       used 30687K, capacity 31260K, committed 31360K, reserved 1077248K
  class space    used 4191K, capacity 4401K, committed 4480K, reserved 1048576K
}

